{"level":"info","msg":"gorm init","time":"2022-08-26 17:31:48"}
{"level":"info","msg":"gorm init","time":"2022-08-26 17:31:48"}
{"level":"info","msg":"gorm init","time":"2022-08-26 17:42:32"}
{"level":"info","msg":"gorm init","time":"2022-08-26 17:42:32"}
{"level":"info","msg":"gorm init","time":"2022-08-26 17:42:58"}
{"level":"info","msg":"gorm init","time":"2022-08-26 17:42:58"}
{"level":"info","msg":"gorm init","time":"2022-08-26 17:44:25"}
{"level":"info","msg":"gorm init","time":"2022-08-26 17:44:25"}

2022/09/06 17:08:41 [35m/root/go/src/jincheng/internal/db/mysql.go:46
[0m[31m[error] [0mfailed to initialize database, got error dial tcp 127.0.0.1:3306: connect: connection refused
{"level":"info","msg":"gorm init","time":"2022-09-06 17:08:41"}

2022/09/06 17:08:41 [35m/root/go/src/jincheng/internal/db/mysql.go:46
[0m[31m[error] [0mfailed to initialize database, got error dial tcp 127.0.0.1:3306: connect: connection refused
{"level":"info","msg":"gorm init","time":"2022-09-06 17:08:41"}

2022/09/06 17:09:14 /root/go/src/jincheng/internal/db/mysql.go:46
[error] failed to initialize database, got error dial tcp 127.0.0.1:3306: connect: connection refused
{"level":"info","msg":"gorm init","time":"2022-09-06 17:09:14"}

2022/09/06 17:09:14 /root/go/src/jincheng/internal/db/mysql.go:46
[error] failed to initialize database, got error dial tcp 127.0.0.1:3306: connect: connection refused
{"level":"info","msg":"gorm init","time":"2022-09-06 17:09:14"}

2022/09/06 17:09:42 /root/go/src/jincheng/internal/db/mysql.go:46
[error] failed to initialize database, got error dial tcp 127.0.0.1:3306: connect: connection refused
{"level":"info","msg":"gorm init","time":"2022-09-06 17:09:42"}

2022/09/06 17:09:42 /root/go/src/jincheng/internal/db/mysql.go:46
[error] failed to initialize database, got error dial tcp 127.0.0.1:3306: connect: connection refused
{"level":"info","msg":"gorm init","time":"2022-09-06 17:09:42"}
